0 info it worked if it ends with ok
1 verbose cli [ 'C:\\Program Files\\nodejs\\node.exe',
1 verbose cli   'C:\\code\\seam\\osiris\\node_modules\\npm\\bin\\npm-cli.js',
1 verbose cli   'run',
1 verbose cli   'docs' ]
2 info using npm@3.9.2
3 info using node@v8.9.4
4 warn invalid config loglevel="notice"
5 verbose run-script [ 'predocs', 'docs', 'postdocs' ]
6 info lifecycle osiris-ojs@1.0.1~predocs: osiris-ojs@1.0.1
7 silly lifecycle osiris-ojs@1.0.1~predocs: no script for predocs, continuing
8 info lifecycle osiris-ojs@1.0.1~docs: osiris-ojs@1.0.1
9 verbose lifecycle osiris-ojs@1.0.1~docs: unsafe-perm in lifecycle true
10 verbose lifecycle osiris-ojs@1.0.1~docs: PATH: C:\code\seam\osiris\node_modules\npm\bin\node-gyp-bin;C:\code\seam\osiris\node_modules\.bin;C:\Program Files\nodejs;C:\Users\BB\AppData\Roaming\nvm\v8.9.4\node_modules\npm\node_modules\npm-lifecycle\node-gyp-bin;C:\code\seam\osiris\node_modules\.bin;C:\ProgramData\Oracle\Java\javapath;C:\WINDOWS\system32;C:\WINDOWS;C:\WINDOWS\System32\Wbem;C:\WINDOWS\System32\WindowsPowerShell\v1.0\;C:\Bitnami\wampstack-5.6.29-0\php;C:\Program Files\Git\cmd;C:\Program Files\PuTTY\;C:\Users\BB\AppData\Roaming\nvm;C:\Program Files\nodejs;C:\Program Files (x86)\Windows Kits\8.1\Windows Performance Toolkit\;C:\WINDOWS\System32\OpenSSH\;C:\Users\BB\AppData\Local\Programs\Python\Python36\Scripts\;C:\Users\BB\AppData\Local\Programs\Python\Python36\;C:\Ruby24-x64\bin;C:\Users\BB\AppData\Local\Microsoft\WindowsApps;C:\Users\BB\AppData\Roaming\npm;C:\Users\BB\AppData\Roaming\nvm;C:\Program Files\nodejs;C:\Users\BB\AppData\Local\Google\Cloud SDK\google-cloud-sdk\bin
11 verbose lifecycle osiris-ojs@1.0.1~docs: CWD: C:\code\seam\osiris
12 silly lifecycle osiris-ojs@1.0.1~docs: Args: [ '/d /s /c', 'gitbook install && gitbook serve' ]
13 silly lifecycle osiris-ojs@1.0.1~docs: Returned: code: 1  signal: null
14 info lifecycle osiris-ojs@1.0.1~docs: Failed to exec docs script
15 verbose stack Error: osiris-ojs@1.0.1 docs: `gitbook install && gitbook serve`
15 verbose stack Exit status 1
15 verbose stack     at EventEmitter.<anonymous> (C:\code\seam\osiris\node_modules\npm\lib\utils\lifecycle.js:245:16)
15 verbose stack     at emitTwo (events.js:126:13)
15 verbose stack     at EventEmitter.emit (events.js:214:7)
15 verbose stack     at ChildProcess.<anonymous> (C:\code\seam\osiris\node_modules\npm\lib\utils\spawn.js:24:14)
15 verbose stack     at emitTwo (events.js:126:13)
15 verbose stack     at ChildProcess.emit (events.js:214:7)
15 verbose stack     at maybeClose (internal/child_process.js:925:16)
15 verbose stack     at Process.ChildProcess._handle.onexit (internal/child_process.js:209:5)
16 verbose pkgid osiris-ojs@1.0.1
17 verbose cwd C:\code\seam\osiris
18 error Windows_NT 10.0.17134
19 error argv "C:\\Program Files\\nodejs\\node.exe" "C:\\code\\seam\\osiris\\node_modules\\npm\\bin\\npm-cli.js" "run" "docs"
20 error node v8.9.4
21 error npm  v3.9.2
22 error code ELIFECYCLE
23 error osiris-ojs@1.0.1 docs: `gitbook install && gitbook serve`
23 error Exit status 1
24 error Failed at the osiris-ojs@1.0.1 docs script 'gitbook install && gitbook serve'.
24 error Make sure you have the latest version of node.js and npm installed.
24 error If you do, this is most likely a problem with the osiris-ojs package,
24 error not with npm itself.
24 error Tell the author that this fails on your system:
24 error     gitbook install && gitbook serve
24 error You can get information on how to open an issue for this project with:
24 error     npm bugs osiris-ojs
24 error Or if that isn't available, you can get their info via:
24 error     npm owner ls osiris-ojs
24 error There is likely additional logging output above.
25 verbose exit [ 1, true ]
